<?xml version="1.0" encoding="UTF-8"?>
<!-- Generated by org.testng.reporters.JUnitXMLReporter -->
<testsuite ignored="5" hostname="DESKTOP-JA45" failures="0" tests="7" name="PetClinicTests" time="8.472" errors="0" timestamp="04 Oct 2020 17:53:31 GMT">
  <testcase classname="com.petclinic.tests.LaunchUrlTest" name="launchUrlTest" time="0.015"/>
  <testcase classname="com.petclinic.tests.HomePageTest" name="verifyHomePageImageTest" time="0.039"/>
  <testcase classname="com.petclinic.tests.HomePageTest" name="verifyMenuItemTest" time="0.128"/>
  <testcase classname="com.petclinic.tests.VeterinariansPageTest" name="verifyVeterinariansTest" time="0.039"/>
  <testcase classname="com.petclinic.tests.FindOwnersPageTest" name="verifyFindOwnersTest" time="0.138"/>
  <testcase classname="com.petclinic.tests.FindOwnersPageTest" name="verifyAddOwnersTest" time="0.096"/>
  <testcase classname="com.petclinic.tests.AddOwnersFormPageTest" name="verifyAddOwnersFormPageTest" time="0.295"/>
  <testcase classname="com.petclinic.tests.VeterinariansPageTest" name="verifyFindOwnersTest" time="0.0">
    <ignored/>
  </testcase> <!-- verifyFindOwnersTest -->
  <testcase classname="com.petclinic.base.TestBase" name="@AfterSuite closeBrowser" time="0.0">
    <ignored/>
  </testcase> <!-- @AfterSuite closeBrowser -->
  <testcase classname="com.petclinic.base.TestBase" name="@AfterSuite closeBrowser" time="0.0">
    <ignored/>
  </testcase> <!-- @AfterSuite closeBrowser -->
  <testcase classname="com.petclinic.base.TestBase" name="@AfterSuite closeBrowser" time="0.0">
    <ignored/>
  </testcase> <!-- @AfterSuite closeBrowser -->
  <testcase classname="com.petclinic.base.TestBase" name="@AfterSuite closeBrowser" time="0.0">
    <ignored/>
  </testcase> <!-- @AfterSuite closeBrowser -->
</testsuite> <!-- PetClinicTests -->
